<?xml version="1.0" encoding="UTF-8" standalone="no"?>
<testsuite errors="0" failures="2" name="io.cucumber.core.plugin.JUnitFormatter" skipped="0" tests="6" time="80">
    <testcase classname="Job Application" name="testing mandatory fields" time="14.316">
        <failure message="stale element reference: stale element not found&#10;  (Session info: chrome=114.0.5735.133)&#10;For documentation on this error, please visit: https://www.seleniumhq.org/exceptions/stale_element_reference.html&#10;Build info: version: '3.141.59', revision: 'e82be7d358', time: '2018-11-14T08:17:03'&#10;System info: host: 'DESKTOP-VEAB1J9', ip: '192.168.1.145', os.name: 'Windows 10', os.arch: 'amd64', os.version: '10.0', java.version: '11.0.12'&#10;Driver info: org.openqa.selenium.chrome.ChromeDriver&#10;Capabilities {acceptInsecureCerts: false, browserName: chrome, browserVersion: 114.0.5735.133, chrome: {chromedriverVersion: 114.0.5735.90 (386bc09e8f4f..., userDataDir: C:\Users\admin\AppData\Loca...}, goog:chromeOptions: {debuggerAddress: localhost:56789}, javascriptEnabled: true, networkConnectionEnabled: false, pageLoadStrategy: normal, platform: WINDOWS, platformName: WINDOWS, proxy: Proxy(), setWindowRect: true, strictFileInteractability: false, timeouts: {implicit: 0, pageLoad: 300000, script: 30000}, unhandledPromptBehavior: dismiss and notify, webauthn:extension:credBlob: true, webauthn:extension:largeBlob: true, webauthn:extension:minPinLength: true, webauthn:extension:prf: true, webauthn:virtualAuthenticators: true}&#10;Session ID: 656358de125aaf0360b2b8f98fa94faa" type="org.openqa.selenium.StaleElementReferenceException">
            <![CDATA[Given user navigates to Harding homepage....................................passed
When user hoovers Career link and click Landside link.......................passed
Then user verifies landside career page.....................................passed
When user clicks See Vacancies button.......................................passed
Then user verifies landside department page.................................passed
And user searches for "Procurement Coordinator" job in the search bar.......passed
Then user verifies the job..................................................passed
When user clicks Apply button...............................................failed
Then user verifies personal information title...............................skipped
Then user fills the mandatory fields with "", "Nemeth", "agnes1@gmail.com", "07777111111", "WORD", "Bristol".skipped
And user clicks next button.................................................skipped
Then user should see error message..........................................skipped
And close driver............................................................skipped

StackTrace:
org.openqa.selenium.StaleElementReferenceException: stale element reference: stale element not found
  (Session info: chrome=114.0.5735.133)
For documentation on this error, please visit: https://www.seleniumhq.org/exceptions/stale_element_reference.html
Build info: version: '3.141.59', revision: 'e82be7d358', time: '2018-11-14T08:17:03'
System info: host: 'DESKTOP-VEAB1J9', ip: '192.168.1.145', os.name: 'Windows 10', os.arch: 'amd64', os.version: '10.0', java.version: '11.0.12'
Driver info: org.openqa.selenium.chrome.ChromeDriver
Capabilities {acceptInsecureCerts: false, browserName: chrome, browserVersion: 114.0.5735.133, chrome: {chromedriverVersion: 114.0.5735.90 (386bc09e8f4f..., userDataDir: C:\Users\admin\AppData\Loca...}, goog:chromeOptions: {debuggerAddress: localhost:56789}, javascriptEnabled: true, networkConnectionEnabled: false, pageLoadStrategy: normal, platform: WINDOWS, platformName: WINDOWS, proxy: Proxy(), setWindowRect: true, strictFileInteractability: false, timeouts: {implicit: 0, pageLoad: 300000, script: 30000}, unhandledPromptBehavior: dismiss and notify, webauthn:extension:credBlob: true, webauthn:extension:largeBlob: true, webauthn:extension:minPinLength: true, webauthn:extension:prf: true, webauthn:virtualAuthenticators: true}
Session ID: 656358de125aaf0360b2b8f98fa94faa
	at java.base/jdk.internal.reflect.NativeConstructorAccessorImpl.newInstance0(Native Method)
	at java.base/jdk.internal.reflect.NativeConstructorAccessorImpl.newInstance(NativeConstructorAccessorImpl.java:62)
	at java.base/jdk.internal.reflect.DelegatingConstructorAccessorImpl.newInstance(DelegatingConstructorAccessorImpl.java:45)
	at java.base/java.lang.reflect.Constructor.newInstance(Constructor.java:490)
	at org.openqa.selenium.remote.http.W3CHttpResponseCodec.createException(W3CHttpResponseCodec.java:187)
	at org.openqa.selenium.remote.http.W3CHttpResponseCodec.decode(W3CHttpResponseCodec.java:122)
	at org.openqa.selenium.remote.http.W3CHttpResponseCodec.decode(W3CHttpResponseCodec.java:49)
	at org.openqa.selenium.remote.HttpCommandExecutor.execute(HttpCommandExecutor.java:158)
	at org.openqa.selenium.remote.service.DriverCommandExecutor.execute(DriverCommandExecutor.java:83)
	at org.openqa.selenium.remote.RemoteWebDriver.execute(RemoteWebDriver.java:552)
	at org.openqa.selenium.remote.RemoteWebDriver.executeScript(RemoteWebDriver.java:489)
	at com.harding.qa.utilities.JSUtilities.scrollToElement(JSUtilities.java:23)
	at com.harding.qa.stepDefinitions.jobApplicationStepDefinitions.user_clicks_apply_button(jobApplicationStepDefinitions.java:82)
	at ✽.user clicks Apply button(file:///C:/Users/admin/IdeaProjects/Harding/src/test/resources/hardingFeatures/jobApplication.feature:12)
]]>
        </failure>
    </testcase>
    <testcase classname="Job Application" name="testing mandatory fields 2" time="11.205">
        <system-out>
            <![CDATA[Given user navigates to Harding homepage....................................passed
When user hoovers Career link and click Landside link.......................passed
Then user verifies landside career page.....................................passed
When user clicks See Vacancies button.......................................passed
Then user verifies landside department page.................................passed
And user searches for "Procurement Coordinator" job in the search bar.......passed
Then user verifies the job..................................................passed
When user clicks Apply button...............................................passed
Then user verifies personal information title...............................passed
Then user fills the mandatory fields with "Agnes", "", "agnes2@gmail.com", "07777111111", "WORD", "Bristol".passed
And user clicks next button.................................................passed
Then user should see error message..........................................passed
And close driver............................................................passed
]]>
        </system-out>
    </testcase>
    <testcase classname="Job Application" name="testing mandatory fields 3" time="8.719">
        <failure message="stale element reference: stale element not found&#10;  (Session info: chrome=114.0.5735.133)&#10;For documentation on this error, please visit: https://www.seleniumhq.org/exceptions/stale_element_reference.html&#10;Build info: version: '3.141.59', revision: 'e82be7d358', time: '2018-11-14T08:17:03'&#10;System info: host: 'DESKTOP-VEAB1J9', ip: '192.168.1.145', os.name: 'Windows 10', os.arch: 'amd64', os.version: '10.0', java.version: '11.0.12'&#10;Driver info: org.openqa.selenium.chrome.ChromeDriver&#10;Capabilities {acceptInsecureCerts: false, browserName: chrome, browserVersion: 114.0.5735.133, chrome: {chromedriverVersion: 114.0.5735.90 (386bc09e8f4f..., userDataDir: C:\Users\admin\AppData\Loca...}, goog:chromeOptions: {debuggerAddress: localhost:56853}, javascriptEnabled: true, networkConnectionEnabled: false, pageLoadStrategy: normal, platform: WINDOWS, platformName: WINDOWS, proxy: Proxy(), setWindowRect: true, strictFileInteractability: false, timeouts: {implicit: 0, pageLoad: 300000, script: 30000}, unhandledPromptBehavior: dismiss and notify, webauthn:extension:credBlob: true, webauthn:extension:largeBlob: true, webauthn:extension:minPinLength: true, webauthn:extension:prf: true, webauthn:virtualAuthenticators: true}&#10;Session ID: 7d5b724353ebe56ef974c8693984a017" type="org.openqa.selenium.StaleElementReferenceException">
            <![CDATA[Given user navigates to Harding homepage....................................passed
When user hoovers Career link and click Landside link.......................passed
Then user verifies landside career page.....................................passed
When user clicks See Vacancies button.......................................passed
Then user verifies landside department page.................................passed
And user searches for "Procurement Coordinator" job in the search bar.......passed
Then user verifies the job..................................................passed
When user clicks Apply button...............................................failed
Then user verifies personal information title...............................skipped
Then user fills the mandatory fields with "Agnes", "Nemeth", "", "07777111111", "WORD", "Bristol".skipped
And user clicks next button.................................................skipped
Then user should see error message..........................................skipped
And close driver............................................................skipped

StackTrace:
org.openqa.selenium.StaleElementReferenceException: stale element reference: stale element not found
  (Session info: chrome=114.0.5735.133)
For documentation on this error, please visit: https://www.seleniumhq.org/exceptions/stale_element_reference.html
Build info: version: '3.141.59', revision: 'e82be7d358', time: '2018-11-14T08:17:03'
System info: host: 'DESKTOP-VEAB1J9', ip: '192.168.1.145', os.name: 'Windows 10', os.arch: 'amd64', os.version: '10.0', java.version: '11.0.12'
Driver info: org.openqa.selenium.chrome.ChromeDriver
Capabilities {acceptInsecureCerts: false, browserName: chrome, browserVersion: 114.0.5735.133, chrome: {chromedriverVersion: 114.0.5735.90 (386bc09e8f4f..., userDataDir: C:\Users\admin\AppData\Loca...}, goog:chromeOptions: {debuggerAddress: localhost:56853}, javascriptEnabled: true, networkConnectionEnabled: false, pageLoadStrategy: normal, platform: WINDOWS, platformName: WINDOWS, proxy: Proxy(), setWindowRect: true, strictFileInteractability: false, timeouts: {implicit: 0, pageLoad: 300000, script: 30000}, unhandledPromptBehavior: dismiss and notify, webauthn:extension:credBlob: true, webauthn:extension:largeBlob: true, webauthn:extension:minPinLength: true, webauthn:extension:prf: true, webauthn:virtualAuthenticators: true}
Session ID: 7d5b724353ebe56ef974c8693984a017
	at java.base/jdk.internal.reflect.NativeConstructorAccessorImpl.newInstance0(Native Method)
	at java.base/jdk.internal.reflect.NativeConstructorAccessorImpl.newInstance(NativeConstructorAccessorImpl.java:62)
	at java.base/jdk.internal.reflect.DelegatingConstructorAccessorImpl.newInstance(DelegatingConstructorAccessorImpl.java:45)
	at java.base/java.lang.reflect.Constructor.newInstance(Constructor.java:490)
	at org.openqa.selenium.remote.http.W3CHttpResponseCodec.createException(W3CHttpResponseCodec.java:187)
	at org.openqa.selenium.remote.http.W3CHttpResponseCodec.decode(W3CHttpResponseCodec.java:122)
	at org.openqa.selenium.remote.http.W3CHttpResponseCodec.decode(W3CHttpResponseCodec.java:49)
	at org.openqa.selenium.remote.HttpCommandExecutor.execute(HttpCommandExecutor.java:158)
	at org.openqa.selenium.remote.service.DriverCommandExecutor.execute(DriverCommandExecutor.java:83)
	at org.openqa.selenium.remote.RemoteWebDriver.execute(RemoteWebDriver.java:552)
	at org.openqa.selenium.remote.RemoteWebDriver.perform(RemoteWebDriver.java:618)
	at org.openqa.selenium.interactions.Actions$BuiltAction.perform(Actions.java:639)
	at org.openqa.selenium.interactions.Actions.perform(Actions.java:595)
	at com.harding.qa.utilities.ReusableMethods.hover(ReusableMethods.java:34)
	at com.harding.qa.stepDefinitions.jobApplicationStepDefinitions.user_clicks_apply_button(jobApplicationStepDefinitions.java:83)
	at ✽.user clicks Apply button(file:///C:/Users/admin/IdeaProjects/Harding/src/test/resources/hardingFeatures/jobApplication.feature:12)
]]>
        </failure>
    </testcase>
    <testcase classname="Job Application" name="testing mandatory fields 4" time="10.001">
        <system-out>
            <![CDATA[Given user navigates to Harding homepage....................................passed
When user hoovers Career link and click Landside link.......................passed
Then user verifies landside career page.....................................passed
When user clicks See Vacancies button.......................................passed
Then user verifies landside department page.................................passed
And user searches for "Procurement Coordinator" job in the search bar.......passed
Then user verifies the job..................................................passed
When user clicks Apply button...............................................passed
Then user verifies personal information title...............................passed
Then user fills the mandatory fields with "Agnes", "Nemeth", "agnes3@gmail.com", "", "WORD", "Bristol".passed
And user clicks next button.................................................passed
Then user should see error message..........................................passed
And close driver............................................................passed
]]>
        </system-out>
    </testcase>
    <testcase classname="Job Application" name="testing mandatory fields 5" time="15.572">
        <system-out>
            <![CDATA[Given user navigates to Harding homepage....................................passed
When user hoovers Career link and click Landside link.......................passed
Then user verifies landside career page.....................................passed
When user clicks See Vacancies button.......................................passed
Then user verifies landside department page.................................passed
And user searches for "Procurement Coordinator" job in the search bar.......passed
Then user verifies the job..................................................passed
When user clicks Apply button...............................................passed
Then user verifies personal information title...............................passed
Then user fills the mandatory fields with "Agnes", "Nemeth", "agnes5@gmail.com", "07777111111", "WORD", "".passed
And user clicks next button.................................................passed
Then user should see error message..........................................passed
And close driver............................................................passed
]]>
        </system-out>
    </testcase>
    <testcase classname="Job Application" name="testing mandatory fields 6" time="19.712">
        <system-out>
            <![CDATA[Given user navigates to Harding homepage....................................passed
When user hoovers Career link and click Landside link.......................passed
Then user verifies landside career page.....................................passed
When user clicks See Vacancies button.......................................passed
Then user verifies landside department page.................................passed
And user searches for "Procurement Coordinator" job in the search bar.......passed
Then user verifies the job..................................................passed
When user clicks Apply button...............................................passed
Then user verifies personal information title...............................passed
Then user fills the mandatory fields with "Agnes", "Nemeth", "agnes4@gmail.com", "07777111111", "", "Bristol".passed
And user clicks next button.................................................passed
Then user should see error message..........................................passed
And close driver............................................................passed
]]>
        </system-out>
    </testcase>
</testsuite>
